<?xml version="1.0" encoding="UTF-8"?>
<testng-results ignored="0" total="2" passed="2" failed="0" skipped="0">
  <reporter-output>
  </reporter-output>
  <suite started-at="2022-03-19T19:50:43 IST" name="Suite" finished-at="2022-03-19T19:50:44 IST" duration-ms="912">
    <groups>
    </groups>
    <test started-at="2022-03-19T19:50:43 IST" name="Chrome Test" finished-at="2022-03-19T19:50:43 IST" duration-ms="298">
      <class name="com.TestNg.com.TestNg_CrossBrowser">
        <test-method is-config="true" signature="beforeLoginTest(java.lang.String)[pri:0, instance:com.TestNg.com.TestNg_CrossBrowser@6a2b953e]" started-at="2022-03-19T19:50:43 IST" name="beforeLoginTest" finished-at="2022-03-19T19:50:43 IST" duration-ms="63" status="PASS">
          <params>
            <param index="0">
              <value>
                <![CDATA[chrome]]>
              </value>
            </param>
          </params>
          <reporter-output>
          </reporter-output>
        </test-method> <!-- beforeLoginTest -->
        <test-method signature="loginTest()[pri:0, instance:com.TestNg.com.TestNg_CrossBrowser@6a2b953e]" started-at="2022-03-19T19:50:43 IST" name="loginTest" finished-at="2022-03-19T19:50:43 IST" duration-ms="37" status="PASS">
          <reporter-output>
          </reporter-output>
        </test-method> <!-- loginTest -->
        <test-method is-config="true" signature="afterLoginTest()[pri:0, instance:com.TestNg.com.TestNg_CrossBrowser@6a2b953e]" started-at="2022-03-19T19:50:43 IST" name="afterLoginTest" finished-at="2022-03-19T19:50:43 IST" duration-ms="2" status="PASS">
          <reporter-output>
          </reporter-output>
        </test-method> <!-- afterLoginTest -->
      </class> <!-- com.TestNg.com.TestNg_CrossBrowser -->
    </test> <!-- Chrome Test -->
    <test started-at="2022-03-19T19:50:44 IST" name="Firefox Test" finished-at="2022-03-19T19:50:44 IST" duration-ms="29">
      <class name="com.TestNg.com.TestNg_CrossBrowser">
        <test-method is-config="true" signature="beforeLoginTest(java.lang.String)[pri:0, instance:com.TestNg.com.TestNg_CrossBrowser@36b4fe2a]" started-at="2022-03-19T19:50:44 IST" name="beforeLoginTest" finished-at="2022-03-19T19:50:44 IST" duration-ms="4" status="PASS">
          <params>
            <param index="0">
              <value>
                <![CDATA[firefox]]>
              </value>
            </param>
          </params>
          <reporter-output>
          </reporter-output>
        </test-method> <!-- beforeLoginTest -->
        <test-method signature="loginTest()[pri:0, instance:com.TestNg.com.TestNg_CrossBrowser@36b4fe2a]" started-at="2022-03-19T19:50:44 IST" name="loginTest" finished-at="2022-03-19T19:50:44 IST" duration-ms="6" status="PASS">
          <reporter-output>
          </reporter-output>
        </test-method> <!-- loginTest -->
        <test-method is-config="true" signature="afterLoginTest()[pri:0, instance:com.TestNg.com.TestNg_CrossBrowser@36b4fe2a]" started-at="2022-03-19T19:50:44 IST" name="afterLoginTest" finished-at="2022-03-19T19:50:44 IST" duration-ms="2" status="PASS">
          <reporter-output>
          </reporter-output>
        </test-method> <!-- afterLoginTest -->
      </class> <!-- com.TestNg.com.TestNg_CrossBrowser -->
    </test> <!-- Firefox Test -->
  </suite> <!-- Suite -->
</testng-results>
